<?xml version="1.0" encoding="UTF-8"?>
<!-- Generated by org.testng.reporters.JUnitXMLReporter -->
<testsuite ignored="7" hostname="INBE1E-DL2885BC" failures="0" tests="1" name="Default test" time="2.475" errors="0" timestamp="13 Sep 2022 10:02:23 GMT">
  <testcase classname="com.graphql.test.GraphQLQuery" name="graphQLTest" time="2.393"/>
  <testcase classname="com.graphql.test.GraphQLQuery" name="createMutation" time="0.0">
    <ignored/>
  </testcase> <!-- createMutation -->
  <testcase classname="com.graphql.test.GraphQLQuery" name="spaceDetails" time="0.0">
    <ignored/>
  </testcase> <!-- spaceDetails -->
  <testcase classname="com.graphql.test.GraphQLQuery" name="getLaunchesDetailsTest" time="0.0">
    <ignored/>
  </testcase> <!-- getLaunchesDetailsTest -->
  <testcase classname="com.graphql.test.GraphQLQuery" name="getSpaceDetailsWithPojoTest" time="0.0">
    <ignored/>
  </testcase> <!-- getSpaceDetailsWithPojoTest -->
  <testcase classname="com.graphql.test.GraphQLQuery" name="compAndLaunchDetails" time="0.0">
    <ignored/>
  </testcase> <!-- compAndLaunchDetails -->
  <testcase classname="com.graphql.test.GraphQLQuery" name="passPayloadFromOutside" time="0.0">
    <ignored/>
  </testcase> <!-- passPayloadFromOutside -->
  <testcase classname="com.graphql.test.GraphQLQuery" name="getUserDetailsWithPojoTest" time="0.0">
    <ignored/>
  </testcase> <!-- getUserDetailsWithPojoTest -->
</testsuite> <!-- Default test -->
